Traceback (most recent call last):
  File "FR_OnboardingWorker.py", line 10, in <module>
    worker.work()
  File "/home/tarun/anaconda3/envs/Facerecognition/lib/python3.7/site-packages/rq/worker.py", line 508, in work
    self.register_birth()
  File "/home/tarun/anaconda3/envs/Facerecognition/lib/python3.7/site-packages/rq/worker.py", line 273, in register_birth
    raise ValueError(msg.format(self.name))
ValueError: There exists an active worker named 'FR_OnboardingWorker' already
Traceback (most recent call last):
  File "FR_RetrainingWorker.py", line 10, in <module>
    worker.work()
  File "/home/tarun/anaconda3/envs/Facerecognition/lib/python3.7/site-packages/rq/worker.py", line 508, in work
    self.register_birth()
  File "/home/tarun/anaconda3/envs/Facerecognition/lib/python3.7/site-packages/rq/worker.py", line 273, in register_birth
    raise ValueError(msg.format(self.name))
ValueError: There exists an active worker named 'FR_RetrainingWorker' already
Traceback (most recent call last):
  File "FR_OnboardingWorker.py", line 10, in <module>
    worker.work()
  File "/home/tarun/anaconda3/envs/Facerecognition/lib/python3.7/site-packages/rq/worker.py", line 508, in work
    self.register_birth()
  File "/home/tarun/anaconda3/envs/Facerecognition/lib/python3.7/site-packages/rq/worker.py", line 273, in register_birth
    raise ValueError(msg.format(self.name))
ValueError: There exists an active worker named 'FR_OnboardingWorker' already
Traceback (most recent call last):
  File "FR_RetrainingWorker.py", line 10, in <module>
    worker.work()
  File "/home/tarun/anaconda3/envs/Facerecognition/lib/python3.7/site-packages/rq/worker.py", line 508, in work
    self.register_birth()
  File "/home/tarun/anaconda3/envs/Facerecognition/lib/python3.7/site-packages/rq/worker.py", line 273, in register_birth
    raise ValueError(msg.format(self.name))
ValueError: There exists an active worker named 'FR_RetrainingWorker' already
Traceback (most recent call last):
  File "FR_OnboardingWorker.py", line 10, in <module>
    worker.work()
  File "/home/tarun/anaconda3/envs/Facerecognition/lib/python3.7/site-packages/rq/worker.py", line 508, in work
    self.register_birth()
  File "/home/tarun/anaconda3/envs/Facerecognition/lib/python3.7/site-packages/rq/worker.py", line 273, in register_birth
    raise ValueError(msg.format(self.name))
ValueError: There exists an active worker named 'FR_OnboardingWorker' already
Traceback (most recent call last):
  File "FR_RetrainingWorker.py", line 10, in <module>
    worker.work()
  File "/home/tarun/anaconda3/envs/Facerecognition/lib/python3.7/site-packages/rq/worker.py", line 508, in work
    self.register_birth()
  File "/home/tarun/anaconda3/envs/Facerecognition/lib/python3.7/site-packages/rq/worker.py", line 273, in register_birth
    raise ValueError(msg.format(self.name))
ValueError: There exists an active worker named 'FR_RetrainingWorker' already
Traceback (most recent call last):
  File "FR_OnboardingWorker.py", line 10, in <module>
    worker.work()
  File "/home/tarun/anaconda3/envs/Facerecognition/lib/python3.7/site-packages/rq/worker.py", line 508, in work
    self.register_birth()
  File "/home/tarun/anaconda3/envs/Facerecognition/lib/python3.7/site-packages/rq/worker.py", line 273, in register_birth
    raise ValueError(msg.format(self.name))
ValueError: There exists an active worker named 'FR_OnboardingWorker' already
Traceback (most recent call last):
  File "FR_RetrainingWorker.py", line 10, in <module>
    worker.work()
  File "/home/tarun/anaconda3/envs/Facerecognition/lib/python3.7/site-packages/rq/worker.py", line 508, in work
    self.register_birth()
  File "/home/tarun/anaconda3/envs/Facerecognition/lib/python3.7/site-packages/rq/worker.py", line 273, in register_birth
    raise ValueError(msg.format(self.name))
ValueError: There exists an active worker named 'FR_RetrainingWorker' already
Traceback (most recent call last):
  File "FR_OnboardingWorker.py", line 10, in <module>
    worker.work()
  File "/home/tarun/anaconda3/envs/Facerecognition/lib/python3.7/site-packages/rq/worker.py", line 508, in work
    self.register_birth()
  File "/home/tarun/anaconda3/envs/Facerecognition/lib/python3.7/site-packages/rq/worker.py", line 273, in register_birth
    raise ValueError(msg.format(self.name))
ValueError: There exists an active worker named 'FR_OnboardingWorker' already
Traceback (most recent call last):
  File "FR_RetrainingWorker.py", line 10, in <module>
    worker.work()
  File "/home/tarun/anaconda3/envs/Facerecognition/lib/python3.7/site-packages/rq/worker.py", line 508, in work
    self.register_birth()
  File "/home/tarun/anaconda3/envs/Facerecognition/lib/python3.7/site-packages/rq/worker.py", line 273, in register_birth
    raise ValueError(msg.format(self.name))
ValueError: There exists an active worker named 'FR_RetrainingWorker' already
Traceback (most recent call last):
  File "FR_OnboardingWorker.py", line 10, in <module>
    worker.work()
  File "/home/tarun/anaconda3/envs/Facerecognition/lib/python3.7/site-packages/rq/worker.py", line 508, in work
    self.register_birth()
  File "/home/tarun/anaconda3/envs/Facerecognition/lib/python3.7/site-packages/rq/worker.py", line 273, in register_birth
    raise ValueError(msg.format(self.name))
ValueError: There exists an active worker named 'FR_OnboardingWorker' already
Traceback (most recent call last):
  File "FR_RetrainingWorker.py", line 10, in <module>
    worker.work()
  File "/home/tarun/anaconda3/envs/Facerecognition/lib/python3.7/site-packages/rq/worker.py", line 508, in work
    self.register_birth()
  File "/home/tarun/anaconda3/envs/Facerecognition/lib/python3.7/site-packages/rq/worker.py", line 273, in register_birth
    raise ValueError(msg.format(self.name))
ValueError: There exists an active worker named 'FR_RetrainingWorker' already
05:42:10 Worker rq:worker:FR_RetrainingWorker: started, version 1.5.2
05:42:10 *** Listening on retrain-model...
05:42:10 Worker rq:worker:FR_OnboardingWorker: started, version 1.5.2
05:42:10 *** Listening on onboard-request...
Traceback (most recent call last):
  File "FR_RetrainingWorker.py", line 10, in <module>
    worker.work()
  File "/home/tarun/anaconda3/envs/Facerecognition/lib/python3.7/site-packages/rq/worker.py", line 508, in work
    self.register_birth()
  File "/home/tarun/anaconda3/envs/Facerecognition/lib/python3.7/site-packages/rq/worker.py", line 273, in register_birth
    raise ValueError(msg.format(self.name))
ValueError: There exists an active worker named 'FR_RetrainingWorker' already
Traceback (most recent call last):
  File "FR_OnboardingWorker.py", line 10, in <module>
    worker.work()
  File "/home/tarun/anaconda3/envs/Facerecognition/lib/python3.7/site-packages/rq/worker.py", line 508, in work
    self.register_birth()
  File "/home/tarun/anaconda3/envs/Facerecognition/lib/python3.7/site-packages/rq/worker.py", line 273, in register_birth
    raise ValueError(msg.format(self.name))
ValueError: There exists an active worker named 'FR_OnboardingWorker' already
Traceback (most recent call last):
  File "FR_OnboardingWorker.py", line 10, in <module>
    worker.work()
  File "/home/tarun/anaconda3/envs/Facerecognition/lib/python3.7/site-packages/rq/worker.py", line 508, in work
    self.register_birth()
  File "/home/tarun/anaconda3/envs/Facerecognition/lib/python3.7/site-packages/rq/worker.py", line 273, in register_birth
    raise ValueError(msg.format(self.name))
ValueError: There exists an active worker named 'FR_OnboardingWorker' already
Traceback (most recent call last):
  File "FR_RetrainingWorker.py", line 10, in <module>
    worker.work()
  File "/home/tarun/anaconda3/envs/Facerecognition/lib/python3.7/site-packages/rq/worker.py", line 508, in work
    self.register_birth()
  File "/home/tarun/anaconda3/envs/Facerecognition/lib/python3.7/site-packages/rq/worker.py", line 273, in register_birth
    raise ValueError(msg.format(self.name))
ValueError: There exists an active worker named 'FR_RetrainingWorker' already
Traceback (most recent call last):
  File "FR_RetrainingWorker.py", line 10, in <module>
    worker.work()
  File "/home/tarun/anaconda3/envs/Facerecognition/lib/python3.7/site-packages/rq/worker.py", line 508, in work
    self.register_birth()
  File "/home/tarun/anaconda3/envs/Facerecognition/lib/python3.7/site-packages/rq/worker.py", line 273, in register_birth
    raise ValueError(msg.format(self.name))
ValueError: There exists an active worker named 'FR_RetrainingWorker' already
Traceback (most recent call last):
  File "FR_OnboardingWorker.py", line 10, in <module>
    worker.work()
  File "/home/tarun/anaconda3/envs/Facerecognition/lib/python3.7/site-packages/rq/worker.py", line 508, in work
    self.register_birth()
  File "/home/tarun/anaconda3/envs/Facerecognition/lib/python3.7/site-packages/rq/worker.py", line 273, in register_birth
    raise ValueError(msg.format(self.name))
ValueError: There exists an active worker named 'FR_OnboardingWorker' already
Traceback (most recent call last):
  File "FR_OnboardingWorker.py", line 10, in <module>
    worker.work()
  File "/home/tarun/anaconda3/envs/Facerecognition/lib/python3.7/site-packages/rq/worker.py", line 508, in work
    self.register_birth()
  File "/home/tarun/anaconda3/envs/Facerecognition/lib/python3.7/site-packages/rq/worker.py", line 273, in register_birth
    raise ValueError(msg.format(self.name))
ValueError: There exists an active worker named 'FR_OnboardingWorker' already
Traceback (most recent call last):
  File "FR_RetrainingWorker.py", line 10, in <module>
    worker.work()
  File "/home/tarun/anaconda3/envs/Facerecognition/lib/python3.7/site-packages/rq/worker.py", line 508, in work
    self.register_birth()
  File "/home/tarun/anaconda3/envs/Facerecognition/lib/python3.7/site-packages/rq/worker.py", line 273, in register_birth
    raise ValueError(msg.format(self.name))
ValueError: There exists an active worker named 'FR_RetrainingWorker' already
Traceback (most recent call last):
  File "FR_OnboardingWorker.py", line 10, in <module>
    worker.work()
  File "/home/tarun/anaconda3/envs/Facerecognition/lib/python3.7/site-packages/rq/worker.py", line 508, in work
    self.register_birth()
  File "/home/tarun/anaconda3/envs/Facerecognition/lib/python3.7/site-packages/rq/worker.py", line 273, in register_birth
    raise ValueError(msg.format(self.name))
ValueError: There exists an active worker named 'FR_OnboardingWorker' already
Traceback (most recent call last):
  File "FR_RetrainingWorker.py", line 10, in <module>
    worker.work()
  File "/home/tarun/anaconda3/envs/Facerecognition/lib/python3.7/site-packages/rq/worker.py", line 508, in work
    self.register_birth()
  File "/home/tarun/anaconda3/envs/Facerecognition/lib/python3.7/site-packages/rq/worker.py", line 273, in register_birth
    raise ValueError(msg.format(self.name))
ValueError: There exists an active worker named 'FR_RetrainingWorker' already
Traceback (most recent call last):
  File "FR_OnboardingWorker.py", line 10, in <module>
    worker.work()
  File "/home/tarun/anaconda3/envs/Facerecognition/lib/python3.7/site-packages/rq/worker.py", line 508, in work
    self.register_birth()
  File "/home/tarun/anaconda3/envs/Facerecognition/lib/python3.7/site-packages/rq/worker.py", line 273, in register_birth
    raise ValueError(msg.format(self.name))
ValueError: There exists an active worker named 'FR_OnboardingWorker' already
Traceback (most recent call last):
  File "FR_RetrainingWorker.py", line 10, in <module>
    worker.work()
  File "/home/tarun/anaconda3/envs/Facerecognition/lib/python3.7/site-packages/rq/worker.py", line 508, in work
    self.register_birth()
  File "/home/tarun/anaconda3/envs/Facerecognition/lib/python3.7/site-packages/rq/worker.py", line 273, in register_birth
    raise ValueError(msg.format(self.name))
ValueError: There exists an active worker named 'FR_RetrainingWorker' already
05:51:50 Worker rq:worker:FR_OnboardingWorker: started, version 1.5.2
05:51:50 *** Listening on onboard-request...
05:51:50 Worker rq:worker:FR_RetrainingWorker: started, version 1.5.2
05:51:50 *** Listening on retrain-model...
05:51:50 Cleaning registries for queue: onboard-request
05:51:50 Cleaning registries for queue: retrain-model
05:52:06 Warm shut down requested
05:52:06 Warm shut down requested
05:52:29 Worker rq:worker:FR_RetrainingWorker: started, version 1.5.2
05:52:29 *** Listening on retrain-model...
05:52:29 Worker rq:worker:FR_OnboardingWorker: started, version 1.5.2
05:52:29 *** Listening on onboard-request...
05:53:35 Warm shut down requested
05:53:35 Warm shut down requested
05:53:50 Worker rq:worker:FR_RetrainingWorker: started, version 1.5.2
05:53:50 *** Listening on retrain-model...
05:53:50 Worker rq:worker:FR_OnboardingWorker: started, version 1.5.2
05:53:50 *** Listening on onboard-request...
05:54:47 onboard-request: DBUpdate.onboard_request({'requestType': 'New', 'applicationName': 'InstapagoTest', 'groupId': 'DEMO...) (3f405975-53e8-422f-b1d1-5c680841a30c)
2021-04-26 05:54:51.617117: I tensorflow/core/platform/cpu_feature_guard.cc:142] Your CPU supports instructions that this TensorFlow binary was not compiled to use: SSE4.1 SSE4.2 AVX AVX2 FMA
2021-04-26 05:54:51.669227: I tensorflow/core/platform/profile_utils/cpu_utils.cc:94] CPU Frequency: 3000000000 Hz
2021-04-26 05:54:51.669430: I tensorflow/compiler/xla/service/service.cc:168] XLA service 0x55942d03f250 initialized for platform Host (this does not guarantee that XLA will be used). Devices:
2021-04-26 05:54:51.669450: I tensorflow/compiler/xla/service/service.cc:176]   StreamExecutor device (0): Host, Default Version
2021-04-26 05:54:51.669513: I tensorflow/core/common_runtime/process_util.cc:147] Creating new thread pool with default inter op setting: 2. Tune using inter_op_parallelism_threads for best performance.
05:55:10 onboard-request: Job OK (3f405975-53e8-422f-b1d1-5c680841a30c)
05:55:10 Result is kept for 500 seconds
05:55:11 onboard-request: DBUpdate.onboard_request({'requestType': 'New', 'applicationName': 'InstapagoTest', 'groupId': 'DEMO...) (63b569a1-7efd-401f-9007-fd7a45cf35d8)
2021-04-26 05:55:13.667415: I tensorflow/core/platform/cpu_feature_guard.cc:142] Your CPU supports instructions that this TensorFlow binary was not compiled to use: SSE4.1 SSE4.2 AVX AVX2 FMA
2021-04-26 05:55:13.689582: I tensorflow/core/platform/profile_utils/cpu_utils.cc:94] CPU Frequency: 3000000000 Hz
2021-04-26 05:55:13.689874: I tensorflow/compiler/xla/service/service.cc:168] XLA service 0x55942e7660a0 initialized for platform Host (this does not guarantee that XLA will be used). Devices:
2021-04-26 05:55:13.689902: I tensorflow/compiler/xla/service/service.cc:176]   StreamExecutor device (0): Host, Default Version
2021-04-26 05:55:13.689987: I tensorflow/core/common_runtime/process_util.cc:147] Creating new thread pool with default inter op setting: 2. Tune using inter_op_parallelism_threads for best performance.
05:55:32 onboard-request: Job OK (63b569a1-7efd-401f-9007-fd7a45cf35d8)
05:55:32 Result is kept for 500 seconds
05:55:33 onboard-request: DBUpdate.onboard_request({'requestType': 'New', 'applicationName': 'InstapagoTest', 'groupId': 'DEMO...) (81c27d95-3349-403a-a312-9671bc5f575a)
2021-04-26 05:55:35.546261: I tensorflow/core/platform/cpu_feature_guard.cc:142] Your CPU supports instructions that this TensorFlow binary was not compiled to use: SSE4.1 SSE4.2 AVX AVX2 FMA
2021-04-26 05:55:35.569631: I tensorflow/core/platform/profile_utils/cpu_utils.cc:94] CPU Frequency: 3000000000 Hz
2021-04-26 05:55:35.569931: I tensorflow/compiler/xla/service/service.cc:168] XLA service 0x55942e7663b0 initialized for platform Host (this does not guarantee that XLA will be used). Devices:
2021-04-26 05:55:35.569984: I tensorflow/compiler/xla/service/service.cc:176]   StreamExecutor device (0): Host, Default Version
2021-04-26 05:55:35.570054: I tensorflow/core/common_runtime/process_util.cc:147] Creating new thread pool with default inter op setting: 2. Tune using inter_op_parallelism_threads for best performance.
05:55:54 retrain-model: scheduler.retrain_model({'application': 'InstapagoTest', 'groupId': 'DEMO1', 'frModelId': 13}) (1a01c973-fb81-46e7-b14d-13d930d09c85)
05:55:55 onboard-request: Job OK (81c27d95-3349-403a-a312-9671bc5f575a)
05:55:55 Result is kept for 500 seconds
05:56:58 retrain-model: Job OK (1a01c973-fb81-46e7-b14d-13d930d09c85)
05:56:58 Result is kept for 500 seconds
05:57:37 Warm shut down requested
05:57:37 Warm shut down requested
05:57:51 Worker rq:worker:FR_RetrainingWorker: started, version 1.5.2
05:57:51 *** Listening on retrain-model...
05:57:51 Worker rq:worker:FR_OnboardingWorker: started, version 1.5.2
05:57:51 *** Listening on onboard-request...
06:11:21 Cleaning registries for queue: retrain-model
06:11:21 Cleaning registries for queue: onboard-request
06:38:21 Cleaning registries for queue: onboard-request
06:38:21 Cleaning registries for queue: retrain-model
07:05:21 Cleaning registries for queue: onboard-request
07:05:21 Cleaning registries for queue: retrain-model
07:32:21 Cleaning registries for queue: retrain-model
07:32:21 Cleaning registries for queue: onboard-request
07:59:21 Cleaning registries for queue: onboard-request
07:59:21 Cleaning registries for queue: retrain-model
08:26:21 Cleaning registries for queue: retrain-model
08:26:21 Cleaning registries for queue: onboard-request
08:53:22 Cleaning registries for queue: onboard-request
08:53:22 Cleaning registries for queue: retrain-model
09:20:22 Cleaning registries for queue: retrain-model
09:20:22 Cleaning registries for queue: onboard-request
09:47:22 Cleaning registries for queue: retrain-model
09:47:22 Cleaning registries for queue: onboard-request
10:14:22 Cleaning registries for queue: onboard-request
10:14:22 Cleaning registries for queue: retrain-model
10:41:23 Cleaning registries for queue: onboard-request
10:41:23 Cleaning registries for queue: retrain-model
11:08:23 Cleaning registries for queue: retrain-model
11:08:23 Cleaning registries for queue: onboard-request
11:35:23 Cleaning registries for queue: retrain-model
11:35:23 Cleaning registries for queue: onboard-request
12:02:23 Cleaning registries for queue: retrain-model
12:02:23 Cleaning registries for queue: onboard-request
12:29:24 Cleaning registries for queue: retrain-model
12:29:24 Cleaning registries for queue: onboard-request
12:56:24 Cleaning registries for queue: retrain-model
12:56:24 Cleaning registries for queue: onboard-request
13:23:24 Cleaning registries for queue: onboard-request
13:23:24 Cleaning registries for queue: retrain-model
13:50:24 Cleaning registries for queue: retrain-model
13:50:24 Cleaning registries for queue: onboard-request
14:17:24 Cleaning registries for queue: retrain-model
14:17:24 Cleaning registries for queue: onboard-request
14:44:24 Cleaning registries for queue: onboard-request
14:44:24 Cleaning registries for queue: retrain-model
15:11:24 Cleaning registries for queue: onboard-request
15:11:24 Cleaning registries for queue: retrain-model
15:38:24 Cleaning registries for queue: retrain-model
15:38:24 Cleaning registries for queue: onboard-request
16:05:25 Cleaning registries for queue: retrain-model
16:05:25 Cleaning registries for queue: onboard-request
16:32:25 Cleaning registries for queue: retrain-model
16:32:25 Cleaning registries for queue: onboard-request
16:59:25 Cleaning registries for queue: retrain-model
16:59:25 Cleaning registries for queue: onboard-request
17:26:26 Cleaning registries for queue: retrain-model
17:26:26 Cleaning registries for queue: onboard-request
17:53:26 Cleaning registries for queue: retrain-model
17:53:26 Cleaning registries for queue: onboard-request
18:20:26 Cleaning registries for queue: retrain-model
18:20:26 Cleaning registries for queue: onboard-request
18:47:27 Cleaning registries for queue: onboard-request
18:47:27 Cleaning registries for queue: retrain-model
19:14:27 Cleaning registries for queue: retrain-model
19:14:27 Cleaning registries for queue: onboard-request
19:41:27 Cleaning registries for queue: retrain-model
19:41:27 Cleaning registries for queue: onboard-request
20:08:27 Cleaning registries for queue: retrain-model
20:08:27 Cleaning registries for queue: onboard-request
20:35:28 Cleaning registries for queue: retrain-model
20:35:28 Cleaning registries for queue: onboard-request
21:02:28 Cleaning registries for queue: retrain-model
21:02:28 Cleaning registries for queue: onboard-request
21:29:28 Cleaning registries for queue: retrain-model
21:29:28 Cleaning registries for queue: onboard-request
21:56:28 Cleaning registries for queue: retrain-model
21:56:28 Cleaning registries for queue: onboard-request
22:23:28 Cleaning registries for queue: retrain-model
22:23:28 Cleaning registries for queue: onboard-request
22:50:28 Cleaning registries for queue: retrain-model
22:50:28 Cleaning registries for queue: onboard-request
23:17:29 Cleaning registries for queue: onboard-request
23:17:29 Cleaning registries for queue: retrain-model
23:44:29 Cleaning registries for queue: retrain-model
23:44:29 Cleaning registries for queue: onboard-request
00:11:29 Cleaning registries for queue: retrain-model
00:11:29 Cleaning registries for queue: onboard-request
00:38:29 Cleaning registries for queue: retrain-model
00:38:29 Cleaning registries for queue: onboard-request
01:05:29 Cleaning registries for queue: retrain-model
01:05:29 Cleaning registries for queue: onboard-request
01:32:29 Cleaning registries for queue: onboard-request
01:32:29 Cleaning registries for queue: retrain-model
01:59:29 Cleaning registries for queue: retrain-model
01:59:29 Cleaning registries for queue: onboard-request
02:26:29 Cleaning registries for queue: retrain-model
02:26:29 Cleaning registries for queue: onboard-request
02:53:30 Cleaning registries for queue: retrain-model
02:53:30 Cleaning registries for queue: onboard-request
03:20:30 Cleaning registries for queue: retrain-model
03:20:30 Cleaning registries for queue: onboard-request
Traceback (most recent call last):
  File "FR_RetrainingWorker.py", line 10, in <module>
    worker.work()
  File "/home/tarun/anaconda3/envs/Facerecognition/lib/python3.7/site-packages/rq/worker.py", line 508, in work
    self.register_birth()
  File "/home/tarun/anaconda3/envs/Facerecognition/lib/python3.7/site-packages/rq/worker.py", line 273, in register_birth
    raise ValueError(msg.format(self.name))
ValueError: There exists an active worker named 'FR_RetrainingWorker' already
Traceback (most recent call last):
  File "FR_OnboardingWorker.py", line 10, in <module>
    worker.work()
  File "/home/tarun/anaconda3/envs/Facerecognition/lib/python3.7/site-packages/rq/worker.py", line 508, in work
    self.register_birth()
  File "/home/tarun/anaconda3/envs/Facerecognition/lib/python3.7/site-packages/rq/worker.py", line 273, in register_birth
    raise ValueError(msg.format(self.name))
ValueError: There exists an active worker named 'FR_OnboardingWorker' already
03:47:30 Cleaning registries for queue: retrain-model
03:47:30 Cleaning registries for queue: onboard-request
04:14:30 Cleaning registries for queue: onboard-request
04:14:30 Cleaning registries for queue: retrain-model
04:41:30 Cleaning registries for queue: retrain-model
04:41:30 Cleaning registries for queue: onboard-request
05:08:30 Cleaning registries for queue: retrain-model
05:08:30 Cleaning registries for queue: onboard-request
05:35:30 Cleaning registries for queue: retrain-model
05:35:30 Cleaning registries for queue: onboard-request
06:02:30 Cleaning registries for queue: retrain-model
06:02:30 Cleaning registries for queue: onboard-request
06:29:31 Cleaning registries for queue: retrain-model
06:29:31 Cleaning registries for queue: onboard-request
06:56:31 Cleaning registries for queue: onboard-request
06:56:31 Cleaning registries for queue: retrain-model
07:23:31 Cleaning registries for queue: retrain-model
07:23:31 Cleaning registries for queue: onboard-request
07:50:32 Cleaning registries for queue: retrain-model
07:50:32 Cleaning registries for queue: onboard-request
08:17:32 Cleaning registries for queue: retrain-model
08:17:32 Cleaning registries for queue: onboard-request
08:44:32 Cleaning registries for queue: retrain-model
08:44:32 Cleaning registries for queue: onboard-request
09:11:32 Cleaning registries for queue: retrain-model
09:11:32 Cleaning registries for queue: onboard-request
09:38:32 Cleaning registries for queue: onboard-request
09:38:32 Cleaning registries for queue: retrain-model
10:05:32 Cleaning registries for queue: retrain-model
10:05:32 Cleaning registries for queue: onboard-request
10:32:32 Cleaning registries for queue: onboard-request
10:32:32 Cleaning registries for queue: retrain-model
10:59:32 Cleaning registries for queue: retrain-model
10:59:32 Cleaning registries for queue: onboard-request
11:26:33 Cleaning registries for queue: onboard-request
11:26:33 Cleaning registries for queue: retrain-model
11:53:33 Cleaning registries for queue: onboard-request
11:53:33 Cleaning registries for queue: retrain-model
12:20:33 Cleaning registries for queue: retrain-model
12:20:33 Cleaning registries for queue: onboard-request
12:47:33 Cleaning registries for queue: retrain-model
12:47:33 Cleaning registries for queue: onboard-request
13:14:33 Cleaning registries for queue: onboard-request
13:14:33 Cleaning registries for queue: retrain-model
13:41:33 Cleaning registries for queue: onboard-request
13:41:33 Cleaning registries for queue: retrain-model
14:08:33 Cleaning registries for queue: onboard-request
14:08:33 Cleaning registries for queue: retrain-model
14:35:33 Cleaning registries for queue: retrain-model
14:35:33 Cleaning registries for queue: onboard-request
15:02:34 Cleaning registries for queue: retrain-model
15:02:34 Cleaning registries for queue: onboard-request
15:29:34 Cleaning registries for queue: retrain-model
15:29:34 Cleaning registries for queue: onboard-request
15:56:34 Cleaning registries for queue: onboard-request
15:56:34 Cleaning registries for queue: retrain-model
16:23:34 Cleaning registries for queue: retrain-model
16:23:34 Cleaning registries for queue: onboard-request
16:50:34 Cleaning registries for queue: onboard-request
16:50:34 Cleaning registries for queue: retrain-model
17:17:34 Cleaning registries for queue: retrain-model
17:17:34 Cleaning registries for queue: onboard-request
17:44:34 Cleaning registries for queue: retrain-model
17:44:34 Cleaning registries for queue: onboard-request
18:11:35 Cleaning registries for queue: retrain-model
18:11:35 Cleaning registries for queue: onboard-request
18:38:35 Cleaning registries for queue: retrain-model
18:38:35 Cleaning registries for queue: onboard-request
19:05:35 Cleaning registries for queue: retrain-model
19:05:35 Cleaning registries for queue: onboard-request
19:32:35 Cleaning registries for queue: onboard-request
19:32:35 Cleaning registries for queue: retrain-model
19:59:35 Cleaning registries for queue: onboard-request
19:59:35 Cleaning registries for queue: retrain-model
20:26:35 Cleaning registries for queue: retrain-model
20:26:35 Cleaning registries for queue: onboard-request
20:53:36 Cleaning registries for queue: onboard-request
20:53:36 Cleaning registries for queue: retrain-model
21:20:36 Cleaning registries for queue: retrain-model
21:20:36 Cleaning registries for queue: onboard-request
21:47:36 Cleaning registries for queue: onboard-request
21:47:36 Cleaning registries for queue: retrain-model
22:14:36 Cleaning registries for queue: onboard-request
22:14:36 Cleaning registries for queue: retrain-model
22:41:36 Cleaning registries for queue: retrain-model
22:41:36 Cleaning registries for queue: onboard-request
23:08:36 Cleaning registries for queue: retrain-model
23:08:36 Cleaning registries for queue: onboard-request
23:35:36 Cleaning registries for queue: retrain-model
23:35:36 Cleaning registries for queue: onboard-request
00:02:37 Cleaning registries for queue: retrain-model
00:02:37 Cleaning registries for queue: onboard-request
00:29:37 Cleaning registries for queue: retrain-model
00:29:37 Cleaning registries for queue: onboard-request
00:56:37 Cleaning registries for queue: onboard-request
00:56:37 Cleaning registries for queue: retrain-model
01:23:37 Cleaning registries for queue: retrain-model
01:23:37 Cleaning registries for queue: onboard-request
01:50:37 Cleaning registries for queue: onboard-request
01:50:37 Cleaning registries for queue: retrain-model
02:17:37 Cleaning registries for queue: retrain-model
02:17:37 Cleaning registries for queue: onboard-request
02:44:38 Cleaning registries for queue: onboard-request
02:44:38 Cleaning registries for queue: retrain-model
03:11:38 Cleaning registries for queue: retrain-model
03:11:38 Cleaning registries for queue: onboard-request
03:38:38 Cleaning registries for queue: onboard-request
03:38:38 Cleaning registries for queue: retrain-model
03:59:05 Warm shut down requested
03:59:05 Warm shut down requested
04:00:20 Worker rq:worker:FR_RetrainingWorker: started, version 1.5.2
04:00:20 *** Listening on retrain-model...
04:00:20 Worker rq:worker:FR_OnboardingWorker: started, version 1.5.2
04:00:20 Cleaning registries for queue: retrain-model
04:00:20 *** Listening on onboard-request...
04:00:20 Cleaning registries for queue: onboard-request
04:00:32 Warm shut down requested
04:00:32 Warm shut down requested
04:00:48 Worker rq:worker:FR_RetrainingWorker: started, version 1.5.2
04:00:48 *** Listening on retrain-model...
04:00:48 Worker rq:worker:FR_OnboardingWorker: started, version 1.5.2
04:00:48 *** Listening on onboard-request...
04:02:52 Warm shut down requested
04:02:52 Warm shut down requested
04:03:02 Worker rq:worker:FR_RetrainingWorker: started, version 1.5.2
04:03:02 *** Listening on retrain-model...
04:03:02 Worker rq:worker:FR_OnboardingWorker: started, version 1.5.2
04:03:02 *** Listening on onboard-request...
04:04:33 Warm shut down requested
04:04:33 Warm shut down requested
04:06:51 Worker rq:worker:FR_OnboardingWorker: started, version 1.5.2
04:06:51 *** Listening on onboard-request...
04:06:51 Worker rq:worker:FR_RetrainingWorker: started, version 1.5.2
04:06:51 *** Listening on retrain-model...
04:08:49 Warm shut down requested
04:08:49 Warm shut down requested
04:09:02 Worker rq:worker:FR_RetrainingWorker: started, version 1.5.2
04:09:02 *** Listening on retrain-model...
04:09:02 Worker rq:worker:FR_OnboardingWorker: started, version 1.5.2
04:09:02 *** Listening on onboard-request...
04:22:32 Cleaning registries for queue: retrain-model
04:22:32 Cleaning registries for queue: onboard-request
04:49:32 Cleaning registries for queue: onboard-request
04:49:32 Cleaning registries for queue: retrain-model
05:16:32 Cleaning registries for queue: onboard-request
05:16:32 Cleaning registries for queue: retrain-model
05:43:32 Cleaning registries for queue: onboard-request
05:43:32 Cleaning registries for queue: retrain-model
06:10:32 Cleaning registries for queue: retrain-model
06:10:32 Cleaning registries for queue: onboard-request
06:37:33 Cleaning registries for queue: retrain-model
06:37:33 Cleaning registries for queue: onboard-request
07:04:33 Cleaning registries for queue: retrain-model
07:04:33 Cleaning registries for queue: onboard-request
07:31:33 Cleaning registries for queue: retrain-model
07:31:33 Cleaning registries for queue: onboard-request
07:58:33 Cleaning registries for queue: retrain-model
07:58:33 Cleaning registries for queue: onboard-request
08:25:33 Cleaning registries for queue: retrain-model
08:25:33 Cleaning registries for queue: onboard-request
08:52:33 Cleaning registries for queue: retrain-model
08:52:33 Cleaning registries for queue: onboard-request
09:19:34 Cleaning registries for queue: onboard-request
09:19:34 Cleaning registries for queue: retrain-model
09:46:34 Cleaning registries for queue: onboard-request
09:46:34 Cleaning registries for queue: retrain-model
10:13:34 Cleaning registries for queue: retrain-model
10:13:34 Cleaning registries for queue: onboard-request
10:40:34 Cleaning registries for queue: retrain-model
10:40:34 Cleaning registries for queue: onboard-request
11:07:34 Cleaning registries for queue: retrain-model
11:07:34 Cleaning registries for queue: onboard-request
11:34:34 Cleaning registries for queue: onboard-request
11:34:34 Cleaning registries for queue: retrain-model
12:01:35 Cleaning registries for queue: retrain-model
12:01:35 Cleaning registries for queue: onboard-request
12:28:35 Cleaning registries for queue: onboard-request
12:28:35 Cleaning registries for queue: retrain-model
12:55:35 Cleaning registries for queue: onboard-request
12:55:35 Cleaning registries for queue: retrain-model
13:22:35 Cleaning registries for queue: onboard-request
13:22:35 Cleaning registries for queue: retrain-model
13:49:35 Cleaning registries for queue: onboard-request
13:49:35 Cleaning registries for queue: retrain-model
14:16:35 Cleaning registries for queue: onboard-request
14:16:35 Cleaning registries for queue: retrain-model
14:43:36 Cleaning registries for queue: onboard-request
14:43:36 Cleaning registries for queue: retrain-model
15:10:36 Cleaning registries for queue: onboard-request
15:10:36 Cleaning registries for queue: retrain-model
15:37:36 Cleaning registries for queue: retrain-model
15:37:36 Cleaning registries for queue: onboard-request
16:04:36 Cleaning registries for queue: retrain-model
16:04:36 Cleaning registries for queue: onboard-request
16:31:36 Cleaning registries for queue: onboard-request
16:31:36 Cleaning registries for queue: retrain-model
16:58:36 Cleaning registries for queue: retrain-model
16:58:36 Cleaning registries for queue: onboard-request
17:25:36 Cleaning registries for queue: retrain-model
17:25:36 Cleaning registries for queue: onboard-request
17:52:37 Cleaning registries for queue: onboard-request
17:52:37 Cleaning registries for queue: retrain-model
18:19:37 Cleaning registries for queue: retrain-model
18:19:37 Cleaning registries for queue: onboard-request
18:46:37 Cleaning registries for queue: retrain-model
18:46:37 Cleaning registries for queue: onboard-request
19:13:37 Cleaning registries for queue: retrain-model
19:13:37 Cleaning registries for queue: onboard-request
19:40:37 Cleaning registries for queue: retrain-model
19:40:37 Cleaning registries for queue: onboard-request
20:07:37 Cleaning registries for queue: onboard-request
20:07:37 Cleaning registries for queue: retrain-model
20:34:38 Cleaning registries for queue: retrain-model
20:34:38 Cleaning registries for queue: onboard-request
21:01:38 Cleaning registries for queue: onboard-request
21:01:38 Cleaning registries for queue: retrain-model
21:28:38 Cleaning registries for queue: retrain-model
21:28:38 Cleaning registries for queue: onboard-request
21:55:38 Cleaning registries for queue: retrain-model
21:55:38 Cleaning registries for queue: onboard-request
22:22:38 Cleaning registries for queue: onboard-request
22:22:38 Cleaning registries for queue: retrain-model
22:49:38 Cleaning registries for queue: onboard-request
22:49:38 Cleaning registries for queue: retrain-model
23:16:38 Cleaning registries for queue: retrain-model
23:16:38 Cleaning registries for queue: onboard-request
23:43:39 Cleaning registries for queue: retrain-model
23:43:39 Cleaning registries for queue: onboard-request
00:10:39 Cleaning registries for queue: onboard-request
00:10:39 Cleaning registries for queue: retrain-model
00:37:39 Cleaning registries for queue: onboard-request
00:37:39 Cleaning registries for queue: retrain-model
01:04:39 Cleaning registries for queue: retrain-model
01:04:39 Cleaning registries for queue: onboard-request
01:31:39 Cleaning registries for queue: retrain-model
01:31:39 Cleaning registries for queue: onboard-request
01:58:39 Cleaning registries for queue: onboard-request
01:58:39 Cleaning registries for queue: retrain-model
02:25:40 Cleaning registries for queue: onboard-request
02:25:40 Cleaning registries for queue: retrain-model
02:52:40 Cleaning registries for queue: retrain-model
02:52:40 Cleaning registries for queue: onboard-request
03:19:40 Cleaning registries for queue: retrain-model
03:19:40 Cleaning registries for queue: onboard-request
03:46:40 Cleaning registries for queue: onboard-request
03:46:40 Cleaning registries for queue: retrain-model
04:13:40 Cleaning registries for queue: onboard-request
04:13:40 Cleaning registries for queue: retrain-model
04:40:40 Cleaning registries for queue: onboard-request
04:40:40 Cleaning registries for queue: retrain-model
05:07:40 Cleaning registries for queue: onboard-request
05:07:40 Cleaning registries for queue: retrain-model
05:34:41 Cleaning registries for queue: onboard-request
05:34:41 Cleaning registries for queue: retrain-model
06:01:41 Cleaning registries for queue: retrain-model
06:01:41 Cleaning registries for queue: onboard-request
06:28:41 Cleaning registries for queue: retrain-model
06:28:41 Cleaning registries for queue: onboard-request
06:55:41 Cleaning registries for queue: retrain-model
06:55:41 Cleaning registries for queue: onboard-request
07:22:41 Cleaning registries for queue: onboard-request
07:22:41 Cleaning registries for queue: retrain-model
07:49:41 Cleaning registries for queue: onboard-request
07:49:41 Cleaning registries for queue: retrain-model
08:16:41 Cleaning registries for queue: onboard-request
08:16:41 Cleaning registries for queue: retrain-model
08:43:41 Cleaning registries for queue: retrain-model
08:43:41 Cleaning registries for queue: onboard-request
09:10:42 Cleaning registries for queue: retrain-model
09:10:42 Cleaning registries for queue: onboard-request
09:37:42 Cleaning registries for queue: retrain-model
09:37:42 Cleaning registries for queue: onboard-request
10:04:42 Cleaning registries for queue: onboard-request
10:04:42 Cleaning registries for queue: retrain-model
10:31:42 Cleaning registries for queue: onboard-request
10:31:42 Cleaning registries for queue: retrain-model
10:58:42 Cleaning registries for queue: retrain-model
10:58:42 Cleaning registries for queue: onboard-request
11:25:42 Cleaning registries for queue: onboard-request
11:25:42 Cleaning registries for queue: retrain-model
11:52:42 Cleaning registries for queue: retrain-model
11:52:42 Cleaning registries for queue: onboard-request
12:19:42 Cleaning registries for queue: retrain-model
12:19:42 Cleaning registries for queue: onboard-request
12:37:35 Warm shut down requested
12:37:35 Warm shut down requested
12:40:18 Worker rq:worker:FR_RetrainingWorker: started, version 1.5.2
12:40:18 *** Listening on retrain-model...
12:40:18 Cleaning registries for queue: retrain-model
12:40:18 Worker rq:worker:FR_OnboardingWorker: started, version 1.5.2
12:40:18 *** Listening on onboard-request...
12:40:18 Cleaning registries for queue: onboard-request
13:07:18 Cleaning registries for queue: retrain-model
13:07:19 Cleaning registries for queue: onboard-request
13:34:19 Cleaning registries for queue: retrain-model
13:34:19 Cleaning registries for queue: onboard-request
14:01:19 Cleaning registries for queue: retrain-model
14:01:19 Cleaning registries for queue: onboard-request
14:28:19 Cleaning registries for queue: retrain-model
14:28:19 Cleaning registries for queue: onboard-request
14:55:19 Cleaning registries for queue: retrain-model
14:55:19 Cleaning registries for queue: onboard-request
15:22:19 Cleaning registries for queue: retrain-model
15:22:19 Cleaning registries for queue: onboard-request
15:49:19 Cleaning registries for queue: retrain-model
15:49:19 Cleaning registries for queue: onboard-request
16:16:19 Cleaning registries for queue: retrain-model
16:16:19 Cleaning registries for queue: onboard-request
16:43:20 Cleaning registries for queue: retrain-model
16:43:20 Cleaning registries for queue: onboard-request
17:10:20 Cleaning registries for queue: retrain-model
17:10:20 Cleaning registries for queue: onboard-request
17:37:20 Cleaning registries for queue: retrain-model
17:37:20 Cleaning registries for queue: onboard-request
18:04:20 Cleaning registries for queue: retrain-model
18:04:20 Cleaning registries for queue: onboard-request
18:31:20 Cleaning registries for queue: retrain-model
18:31:20 Cleaning registries for queue: onboard-request
18:58:20 Cleaning registries for queue: retrain-model
18:58:20 Cleaning registries for queue: onboard-request
19:25:20 Cleaning registries for queue: retrain-model
19:25:20 Cleaning registries for queue: onboard-request
19:52:20 Cleaning registries for queue: retrain-model
19:52:21 Cleaning registries for queue: onboard-request
20:19:21 Cleaning registries for queue: retrain-model
20:19:21 Cleaning registries for queue: onboard-request
20:46:21 Cleaning registries for queue: retrain-model
20:46:21 Cleaning registries for queue: onboard-request
21:13:21 Cleaning registries for queue: retrain-model
21:13:21 Cleaning registries for queue: onboard-request
21:40:21 Cleaning registries for queue: retrain-model
21:40:21 Cleaning registries for queue: onboard-request
22:07:21 Cleaning registries for queue: retrain-model
22:07:21 Cleaning registries for queue: onboard-request
22:34:21 Cleaning registries for queue: retrain-model
22:34:21 Cleaning registries for queue: onboard-request
23:01:22 Cleaning registries for queue: retrain-model
23:01:22 Cleaning registries for queue: onboard-request
23:28:22 Cleaning registries for queue: retrain-model
23:28:22 Cleaning registries for queue: onboard-request
23:55:22 Cleaning registries for queue: retrain-model
23:55:22 Cleaning registries for queue: onboard-request
00:22:22 Cleaning registries for queue: retrain-model
00:22:22 Cleaning registries for queue: onboard-request
00:49:22 Cleaning registries for queue: retrain-model
00:49:22 Cleaning registries for queue: onboard-request
01:16:22 Cleaning registries for queue: retrain-model
01:16:22 Cleaning registries for queue: onboard-request
01:43:22 Cleaning registries for queue: retrain-model
01:43:22 Cleaning registries for queue: onboard-request
02:10:23 Cleaning registries for queue: retrain-model
02:10:23 Cleaning registries for queue: onboard-request
02:37:23 Cleaning registries for queue: retrain-model
02:37:23 Cleaning registries for queue: onboard-request
03:04:23 Cleaning registries for queue: retrain-model
03:04:23 Cleaning registries for queue: onboard-request
03:31:23 Cleaning registries for queue: retrain-model
03:31:23 Cleaning registries for queue: onboard-request
03:58:23 Cleaning registries for queue: retrain-model
03:58:23 Cleaning registries for queue: onboard-request
04:25:23 Cleaning registries for queue: retrain-model
04:25:23 Cleaning registries for queue: onboard-request
04:52:23 Cleaning registries for queue: retrain-model
04:52:23 Cleaning registries for queue: onboard-request
05:19:23 Cleaning registries for queue: retrain-model
05:19:24 Cleaning registries for queue: onboard-request
05:46:24 Cleaning registries for queue: retrain-model
05:46:24 Cleaning registries for queue: onboard-request
06:13:24 Cleaning registries for queue: retrain-model
06:13:24 Cleaning registries for queue: onboard-request
06:40:24 Cleaning registries for queue: retrain-model
06:40:24 Cleaning registries for queue: onboard-request
07:07:24 Cleaning registries for queue: retrain-model
07:07:24 Cleaning registries for queue: onboard-request
07:34:24 Cleaning registries for queue: retrain-model
07:34:24 Cleaning registries for queue: onboard-request
08:01:24 Cleaning registries for queue: retrain-model
08:01:24 Cleaning registries for queue: onboard-request
08:28:24 Cleaning registries for queue: retrain-model
08:28:24 Cleaning registries for queue: onboard-request
08:55:25 Cleaning registries for queue: retrain-model
08:55:25 Cleaning registries for queue: onboard-request
09:22:25 Cleaning registries for queue: retrain-model
09:22:25 Cleaning registries for queue: onboard-request
09:49:25 Cleaning registries for queue: retrain-model
09:49:25 Cleaning registries for queue: onboard-request
10:16:25 Cleaning registries for queue: retrain-model
10:16:25 Cleaning registries for queue: onboard-request
10:43:25 Cleaning registries for queue: retrain-model
10:43:25 Cleaning registries for queue: onboard-request
11:10:25 Cleaning registries for queue: retrain-model
11:10:25 Cleaning registries for queue: onboard-request
11:37:25 Cleaning registries for queue: retrain-model
11:37:26 Cleaning registries for queue: onboard-request
12:04:26 Cleaning registries for queue: retrain-model
12:04:26 Cleaning registries for queue: onboard-request
12:31:26 Cleaning registries for queue: retrain-model
12:31:26 Cleaning registries for queue: onboard-request
12:58:26 Cleaning registries for queue: retrain-model
12:58:26 Cleaning registries for queue: onboard-request
13:25:27 Cleaning registries for queue: retrain-model
13:25:27 Cleaning registries for queue: onboard-request
13:52:27 Cleaning registries for queue: retrain-model
13:52:27 Cleaning registries for queue: onboard-request
14:19:27 Cleaning registries for queue: retrain-model
14:19:27 Cleaning registries for queue: onboard-request
14:46:27 Cleaning registries for queue: retrain-model
14:46:28 Cleaning registries for queue: onboard-request
15:13:28 Cleaning registries for queue: retrain-model
15:13:28 Cleaning registries for queue: onboard-request
15:40:28 Cleaning registries for queue: retrain-model
15:40:28 Cleaning registries for queue: onboard-request
16:07:28 Cleaning registries for queue: retrain-model
16:07:28 Cleaning registries for queue: onboard-request
16:34:28 Cleaning registries for queue: retrain-model
16:34:28 Cleaning registries for queue: onboard-request
17:01:28 Cleaning registries for queue: retrain-model
17:01:28 Cleaning registries for queue: onboard-request
17:28:28 Cleaning registries for queue: retrain-model
17:28:28 Cleaning registries for queue: onboard-request
17:55:28 Cleaning registries for queue: retrain-model
17:55:29 Cleaning registries for queue: onboard-request
18:22:29 Cleaning registries for queue: retrain-model
18:22:29 Cleaning registries for queue: onboard-request
18:49:29 Cleaning registries for queue: retrain-model
18:49:29 Cleaning registries for queue: onboard-request
19:16:29 Cleaning registries for queue: retrain-model
19:16:29 Cleaning registries for queue: onboard-request
19:43:29 Cleaning registries for queue: retrain-model
19:43:29 Cleaning registries for queue: onboard-request
20:10:29 Cleaning registries for queue: retrain-model
20:10:29 Cleaning registries for queue: onboard-request
20:37:29 Cleaning registries for queue: retrain-model
20:37:30 Cleaning registries for queue: onboard-request
21:04:30 Cleaning registries for queue: retrain-model
21:04:30 Cleaning registries for queue: onboard-request
21:31:30 Cleaning registries for queue: retrain-model
21:31:30 Cleaning registries for queue: onboard-request
21:58:30 Cleaning registries for queue: retrain-model
21:58:30 Cleaning registries for queue: onboard-request
22:25:30 Cleaning registries for queue: retrain-model
22:25:30 Cleaning registries for queue: onboard-request
22:52:31 Cleaning registries for queue: retrain-model
22:52:31 Cleaning registries for queue: onboard-request
23:19:31 Cleaning registries for queue: retrain-model
23:19:31 Cleaning registries for queue: onboard-request
23:46:31 Cleaning registries for queue: retrain-model
23:46:31 Cleaning registries for queue: onboard-request
00:13:31 Cleaning registries for queue: retrain-model
00:13:31 Cleaning registries for queue: onboard-request
00:40:31 Cleaning registries for queue: retrain-model
00:40:31 Cleaning registries for queue: onboard-request
01:07:31 Cleaning registries for queue: retrain-model
01:07:31 Cleaning registries for queue: onboard-request
01:34:31 Cleaning registries for queue: retrain-model
01:34:31 Cleaning registries for queue: onboard-request
02:01:31 Cleaning registries for queue: retrain-model
02:01:31 Cleaning registries for queue: onboard-request
02:28:32 Cleaning registries for queue: retrain-model
02:28:32 Cleaning registries for queue: onboard-request
02:55:32 Cleaning registries for queue: retrain-model
02:55:32 Cleaning registries for queue: onboard-request
03:22:32 Cleaning registries for queue: retrain-model
03:22:32 Cleaning registries for queue: onboard-request
03:49:32 Cleaning registries for queue: retrain-model
03:49:32 Cleaning registries for queue: onboard-request
04:16:32 Cleaning registries for queue: retrain-model
04:16:32 Cleaning registries for queue: onboard-request
04:43:32 Cleaning registries for queue: retrain-model
04:43:32 Cleaning registries for queue: onboard-request
05:10:32 Cleaning registries for queue: retrain-model
05:10:32 Cleaning registries for queue: onboard-request
05:37:32 Cleaning registries for queue: retrain-model
05:37:33 Cleaning registries for queue: onboard-request
06:04:33 Cleaning registries for queue: retrain-model
06:04:33 Cleaning registries for queue: onboard-request
06:31:33 Cleaning registries for queue: retrain-model
06:31:33 Cleaning registries for queue: onboard-request
06:58:33 Cleaning registries for queue: retrain-model
06:58:33 Cleaning registries for queue: onboard-request
07:25:33 Cleaning registries for queue: retrain-model
07:25:33 Cleaning registries for queue: onboard-request
07:52:33 Cleaning registries for queue: retrain-model
07:52:33 Cleaning registries for queue: onboard-request
08:19:33 Cleaning registries for queue: retrain-model
08:19:33 Cleaning registries for queue: onboard-request
08:46:34 Cleaning registries for queue: retrain-model
08:46:34 Cleaning registries for queue: onboard-request
09:13:34 Cleaning registries for queue: retrain-model
09:13:34 Cleaning registries for queue: onboard-request
09:40:34 Cleaning registries for queue: retrain-model
09:40:34 Cleaning registries for queue: onboard-request
10:07:34 Cleaning registries for queue: retrain-model
10:07:34 Cleaning registries for queue: onboard-request
10:34:34 Cleaning registries for queue: retrain-model
10:34:34 Cleaning registries for queue: onboard-request
11:01:34 Cleaning registries for queue: retrain-model
11:01:34 Cleaning registries for queue: onboard-request
11:28:34 Cleaning registries for queue: retrain-model
11:28:34 Cleaning registries for queue: onboard-request
11:55:34 Cleaning registries for queue: retrain-model
11:55:34 Cleaning registries for queue: onboard-request
12:22:34 Cleaning registries for queue: retrain-model
12:22:35 Cleaning registries for queue: onboard-request
12:49:35 Cleaning registries for queue: retrain-model
12:49:35 Cleaning registries for queue: onboard-request
13:16:35 Cleaning registries for queue: retrain-model
13:16:35 Cleaning registries for queue: onboard-request
13:43:35 Cleaning registries for queue: retrain-model
13:43:35 Cleaning registries for queue: onboard-request
14:10:35 Cleaning registries for queue: retrain-model
14:10:35 Cleaning registries for queue: onboard-request
14:37:35 Cleaning registries for queue: retrain-model
14:37:35 Cleaning registries for queue: onboard-request
15:04:35 Cleaning registries for queue: retrain-model
15:04:35 Cleaning registries for queue: onboard-request
15:31:35 Cleaning registries for queue: retrain-model
15:31:36 Cleaning registries for queue: onboard-request
15:58:36 Cleaning registries for queue: retrain-model
15:58:36 Cleaning registries for queue: onboard-request
16:25:36 Cleaning registries for queue: retrain-model
16:25:36 Cleaning registries for queue: onboard-request
16:52:36 Cleaning registries for queue: retrain-model
16:52:36 Cleaning registries for queue: onboard-request
17:19:36 Cleaning registries for queue: retrain-model
17:19:36 Cleaning registries for queue: onboard-request
17:46:36 Cleaning registries for queue: retrain-model
17:46:36 Cleaning registries for queue: onboard-request
18:13:36 Cleaning registries for queue: retrain-model
18:13:37 Cleaning registries for queue: onboard-request
18:40:37 Cleaning registries for queue: retrain-model
18:40:37 Cleaning registries for queue: onboard-request
19:07:37 Cleaning registries for queue: retrain-model
19:07:37 Cleaning registries for queue: onboard-request
19:34:37 Cleaning registries for queue: retrain-model
19:34:37 Cleaning registries for queue: onboard-request
20:01:37 Cleaning registries for queue: retrain-model
20:01:37 Cleaning registries for queue: onboard-request
20:28:37 Cleaning registries for queue: retrain-model
20:28:37 Cleaning registries for queue: onboard-request
20:55:37 Cleaning registries for queue: retrain-model
20:55:37 Cleaning registries for queue: onboard-request
21:22:37 Cleaning registries for queue: retrain-model
21:22:37 Cleaning registries for queue: onboard-request
21:49:37 Cleaning registries for queue: retrain-model
21:49:38 Cleaning registries for queue: onboard-request
22:16:38 Cleaning registries for queue: retrain-model
22:16:38 Cleaning registries for queue: onboard-request
22:43:38 Cleaning registries for queue: retrain-model
22:43:38 Cleaning registries for queue: onboard-request
23:10:38 Cleaning registries for queue: retrain-model
23:10:38 Cleaning registries for queue: onboard-request
23:37:38 Cleaning registries for queue: retrain-model
23:37:38 Cleaning registries for queue: onboard-request
00:04:38 Cleaning registries for queue: retrain-model
00:04:38 Cleaning registries for queue: onboard-request
00:31:38 Cleaning registries for queue: retrain-model
00:31:38 Cleaning registries for queue: onboard-request
00:58:38 Cleaning registries for queue: retrain-model
00:58:38 Cleaning registries for queue: onboard-request
01:25:38 Cleaning registries for queue: retrain-model
01:25:39 Cleaning registries for queue: onboard-request
01:52:39 Cleaning registries for queue: retrain-model
01:52:39 Cleaning registries for queue: onboard-request
02:19:39 Cleaning registries for queue: retrain-model
02:19:39 Cleaning registries for queue: onboard-request
02:46:39 Cleaning registries for queue: retrain-model
02:46:39 Cleaning registries for queue: onboard-request
03:13:39 Cleaning registries for queue: retrain-model
03:13:39 Cleaning registries for queue: onboard-request
03:40:39 Cleaning registries for queue: retrain-model
03:40:39 Cleaning registries for queue: onboard-request
04:07:39 Cleaning registries for queue: retrain-model
04:07:39 Cleaning registries for queue: onboard-request
04:34:39 Cleaning registries for queue: onboard-request
04:34:39 Cleaning registries for queue: retrain-model
05:01:40 Cleaning registries for queue: onboard-request
05:01:40 Cleaning registries for queue: retrain-model
05:28:40 Cleaning registries for queue: retrain-model
05:28:40 Cleaning registries for queue: onboard-request
05:55:40 Cleaning registries for queue: onboard-request
05:55:40 Cleaning registries for queue: retrain-model
06:22:40 Cleaning registries for queue: onboard-request
06:22:40 Cleaning registries for queue: retrain-model
06:49:40 Cleaning registries for queue: onboard-request
06:49:40 Cleaning registries for queue: retrain-model
07:16:41 Cleaning registries for queue: retrain-model
07:16:41 Cleaning registries for queue: onboard-request
07:43:41 Cleaning registries for queue: retrain-model
07:43:41 Cleaning registries for queue: onboard-request
08:10:41 Cleaning registries for queue: onboard-request
08:10:41 Cleaning registries for queue: retrain-model
08:37:41 Cleaning registries for queue: retrain-model
08:37:41 Cleaning registries for queue: onboard-request
09:04:41 Cleaning registries for queue: retrain-model
09:04:41 Cleaning registries for queue: onboard-request
09:31:42 Cleaning registries for queue: onboard-request
09:31:42 Cleaning registries for queue: retrain-model
09:58:42 Cleaning registries for queue: retrain-model
09:58:42 Cleaning registries for queue: onboard-request
10:25:42 Cleaning registries for queue: onboard-request
10:25:42 Cleaning registries for queue: retrain-model
10:52:42 Cleaning registries for queue: onboard-request
10:52:42 Cleaning registries for queue: retrain-model
11:19:42 Cleaning registries for queue: retrain-model
11:19:42 Cleaning registries for queue: onboard-request
11:46:42 Cleaning registries for queue: retrain-model
11:46:42 Cleaning registries for queue: onboard-request
12:13:42 Cleaning registries for queue: onboard-request
12:13:42 Cleaning registries for queue: retrain-model
12:40:42 Cleaning registries for queue: retrain-model
12:40:42 Cleaning registries for queue: onboard-request
13:07:43 Cleaning registries for queue: retrain-model
13:07:43 Cleaning registries for queue: onboard-request
13:34:43 Cleaning registries for queue: retrain-model
13:34:43 Cleaning registries for queue: onboard-request
14:01:43 Cleaning registries for queue: onboard-request
14:01:43 Cleaning registries for queue: retrain-model
14:28:43 Cleaning registries for queue: retrain-model
14:28:43 Cleaning registries for queue: onboard-request
14:55:43 Cleaning registries for queue: onboard-request
14:55:43 Cleaning registries for queue: retrain-model
15:22:43 Cleaning registries for queue: retrain-model
15:22:43 Cleaning registries for queue: onboard-request
15:49:43 Cleaning registries for queue: onboard-request
15:49:43 Cleaning registries for queue: retrain-model
16:16:44 Cleaning registries for queue: onboard-request
16:16:44 Cleaning registries for queue: retrain-model
16:43:44 Cleaning registries for queue: onboard-request
16:43:44 Cleaning registries for queue: retrain-model
17:10:44 Cleaning registries for queue: onboard-request
17:10:44 Cleaning registries for queue: retrain-model
17:37:44 Cleaning registries for queue: retrain-model
17:37:44 Cleaning registries for queue: onboard-request
18:04:44 Cleaning registries for queue: retrain-model
18:04:44 Cleaning registries for queue: onboard-request
18:31:44 Cleaning registries for queue: onboard-request
18:31:44 Cleaning registries for queue: retrain-model
18:58:44 Cleaning registries for queue: onboard-request
18:58:44 Cleaning registries for queue: retrain-model
19:25:44 Cleaning registries for queue: retrain-model
19:25:44 Cleaning registries for queue: onboard-request
19:52:45 Cleaning registries for queue: onboard-request
19:52:45 Cleaning registries for queue: retrain-model
20:19:45 Cleaning registries for queue: onboard-request
20:19:45 Cleaning registries for queue: retrain-model
20:46:45 Cleaning registries for queue: onboard-request
20:46:45 Cleaning registries for queue: retrain-model
21:13:45 Cleaning registries for queue: retrain-model
21:13:45 Cleaning registries for queue: onboard-request
21:40:45 Cleaning registries for queue: onboard-request
21:40:45 Cleaning registries for queue: retrain-model
22:07:45 Cleaning registries for queue: onboard-request
22:07:45 Cleaning registries for queue: retrain-model
22:34:45 Cleaning registries for queue: retrain-model
22:34:45 Cleaning registries for queue: onboard-request
23:01:46 Cleaning registries for queue: retrain-model
23:01:46 Cleaning registries for queue: onboard-request
23:28:46 Cleaning registries for queue: onboard-request
23:28:46 Cleaning registries for queue: retrain-model
23:55:46 Cleaning registries for queue: retrain-model
23:55:46 Cleaning registries for queue: onboard-request
00:22:46 Cleaning registries for queue: retrain-model
00:22:46 Cleaning registries for queue: onboard-request
00:49:46 Cleaning registries for queue: onboard-request
00:49:46 Cleaning registries for queue: retrain-model
01:16:46 Cleaning registries for queue: retrain-model
01:16:46 Cleaning registries for queue: onboard-request
01:43:46 Cleaning registries for queue: retrain-model
01:43:46 Cleaning registries for queue: onboard-request
02:10:46 Cleaning registries for queue: onboard-request
02:10:46 Cleaning registries for queue: retrain-model
02:37:47 Cleaning registries for queue: onboard-request
02:37:47 Cleaning registries for queue: retrain-model
03:04:47 Cleaning registries for queue: retrain-model
03:04:47 Cleaning registries for queue: onboard-request
03:31:47 Cleaning registries for queue: retrain-model
03:31:47 Cleaning registries for queue: onboard-request
03:58:47 Cleaning registries for queue: onboard-request
03:58:47 Cleaning registries for queue: retrain-model
04:25:47 Cleaning registries for queue: retrain-model
04:25:47 Cleaning registries for queue: onboard-request
04:52:47 Cleaning registries for queue: retrain-model
04:52:47 Cleaning registries for queue: onboard-request
05:19:47 Cleaning registries for queue: onboard-request
05:19:47 Cleaning registries for queue: retrain-model
05:46:48 Cleaning registries for queue: retrain-model
05:46:48 Cleaning registries for queue: onboard-request
06:13:48 Cleaning registries for queue: retrain-model
06:13:48 Cleaning registries for queue: onboard-request
06:40:48 Cleaning registries for queue: retrain-model
06:40:48 Cleaning registries for queue: onboard-request
07:07:48 Cleaning registries for queue: onboard-request
07:07:48 Cleaning registries for queue: retrain-model
07:34:48 Cleaning registries for queue: retrain-model
07:34:48 Cleaning registries for queue: onboard-request
08:01:48 Cleaning registries for queue: retrain-model
08:01:48 Cleaning registries for queue: onboard-request
08:28:48 Cleaning registries for queue: onboard-request
08:28:48 Cleaning registries for queue: retrain-model
08:55:48 Cleaning registries for queue: retrain-model
08:55:48 Cleaning registries for queue: onboard-request
09:22:49 Cleaning registries for queue: onboard-request
09:22:49 Cleaning registries for queue: retrain-model
09:49:49 Cleaning registries for queue: retrain-model
09:49:49 Cleaning registries for queue: onboard-request
10:16:49 Cleaning registries for queue: retrain-model
10:16:49 Cleaning registries for queue: onboard-request
10:43:49 Cleaning registries for queue: onboard-request
10:43:49 Cleaning registries for queue: retrain-model
11:10:49 Cleaning registries for queue: onboard-request
11:10:49 Cleaning registries for queue: retrain-model
11:37:49 Cleaning registries for queue: onboard-request
11:37:49 Cleaning registries for queue: retrain-model
12:04:49 Cleaning registries for queue: onboard-request
12:04:49 Cleaning registries for queue: retrain-model
12:31:50 Cleaning registries for queue: onboard-request
12:31:50 Cleaning registries for queue: retrain-model
12:58:50 Cleaning registries for queue: onboard-request
12:58:50 Cleaning registries for queue: retrain-model
13:25:50 Cleaning registries for queue: retrain-model
13:25:50 Cleaning registries for queue: onboard-request
13:52:50 Cleaning registries for queue: retrain-model
13:52:50 Cleaning registries for queue: onboard-request
14:19:50 Cleaning registries for queue: onboard-request
14:19:50 Cleaning registries for queue: retrain-model
14:46:50 Cleaning registries for queue: retrain-model
14:46:50 Cleaning registries for queue: onboard-request
15:13:51 Cleaning registries for queue: onboard-request
15:13:51 Cleaning registries for queue: retrain-model
15:40:51 Cleaning registries for queue: retrain-model
15:40:51 Cleaning registries for queue: onboard-request
16:07:51 Cleaning registries for queue: retrain-model
16:07:51 Cleaning registries for queue: onboard-request
16:34:51 Cleaning registries for queue: onboard-request
16:34:51 Cleaning registries for queue: retrain-model
17:01:51 Cleaning registries for queue: retrain-model
17:01:51 Cleaning registries for queue: onboard-request
17:28:51 Cleaning registries for queue: retrain-model
17:28:51 Cleaning registries for queue: onboard-request
17:55:52 Cleaning registries for queue: retrain-model
17:55:52 Cleaning registries for queue: onboard-request
18:22:52 Cleaning registries for queue: retrain-model
18:22:52 Cleaning registries for queue: onboard-request
18:49:52 Cleaning registries for queue: retrain-model
18:49:52 Cleaning registries for queue: onboard-request
19:16:52 Cleaning registries for queue: retrain-model
19:16:52 Cleaning registries for queue: onboard-request
19:43:52 Cleaning registries for queue: retrain-model
19:43:52 Cleaning registries for queue: onboard-request
20:10:52 Cleaning registries for queue: retrain-model
20:10:52 Cleaning registries for queue: onboard-request
20:37:53 Cleaning registries for queue: retrain-model
20:37:53 Cleaning registries for queue: onboard-request
21:04:53 Cleaning registries for queue: retrain-model
21:04:53 Cleaning registries for queue: onboard-request
21:31:53 Cleaning registries for queue: retrain-model
21:31:53 Cleaning registries for queue: onboard-request
21:58:53 Cleaning registries for queue: onboard-request
21:58:53 Cleaning registries for queue: retrain-model
22:25:53 Cleaning registries for queue: retrain-model
22:25:53 Cleaning registries for queue: onboard-request
22:52:53 Cleaning registries for queue: retrain-model
22:52:53 Cleaning registries for queue: onboard-request
23:19:53 Cleaning registries for queue: retrain-model
23:19:53 Cleaning registries for queue: onboard-request
23:46:54 Cleaning registries for queue: onboard-request
23:46:54 Cleaning registries for queue: retrain-model
00:13:54 Cleaning registries for queue: retrain-model
00:13:54 Cleaning registries for queue: onboard-request
00:40:54 Cleaning registries for queue: retrain-model
00:40:54 Cleaning registries for queue: onboard-request
01:07:54 Cleaning registries for queue: retrain-model
01:07:54 Cleaning registries for queue: onboard-request
01:34:54 Cleaning registries for queue: retrain-model
01:34:54 Cleaning registries for queue: onboard-request
02:01:54 Cleaning registries for queue: retrain-model
02:01:54 Cleaning registries for queue: onboard-request
02:28:54 Cleaning registries for queue: retrain-model
02:28:54 Cleaning registries for queue: onboard-request
02:55:55 Cleaning registries for queue: onboard-request
02:55:55 Cleaning registries for queue: retrain-model
03:22:55 Cleaning registries for queue: onboard-request
03:22:55 Cleaning registries for queue: retrain-model
03:49:55 Cleaning registries for queue: onboard-request
03:49:55 Cleaning registries for queue: retrain-model
04:16:55 Cleaning registries for queue: onboard-request
04:16:55 Cleaning registries for queue: retrain-model
04:43:55 Cleaning registries for queue: onboard-request
04:43:55 Cleaning registries for queue: retrain-model
05:10:55 Cleaning registries for queue: onboard-request
05:10:55 Cleaning registries for queue: retrain-model
05:37:55 Cleaning registries for queue: onboard-request
05:37:55 Cleaning registries for queue: retrain-model
06:04:55 Cleaning registries for queue: onboard-request
06:04:56 Cleaning registries for queue: retrain-model
06:31:56 Cleaning registries for queue: onboard-request
06:31:56 Cleaning registries for queue: retrain-model
06:58:56 Cleaning registries for queue: onboard-request
06:58:56 Cleaning registries for queue: retrain-model
07:25:56 Cleaning registries for queue: onboard-request
07:25:56 Cleaning registries for queue: retrain-model
07:52:56 Cleaning registries for queue: onboard-request
07:52:56 Cleaning registries for queue: retrain-model
08:19:56 Cleaning registries for queue: onboard-request
08:19:56 Cleaning registries for queue: retrain-model
08:46:56 Cleaning registries for queue: onboard-request
08:46:56 Cleaning registries for queue: retrain-model
09:13:56 Cleaning registries for queue: onboard-request
09:13:56 Cleaning registries for queue: retrain-model
09:40:56 Cleaning registries for queue: onboard-request
09:40:57 Cleaning registries for queue: retrain-model
10:07:57 Cleaning registries for queue: onboard-request
10:07:57 Cleaning registries for queue: retrain-model
10:34:57 Cleaning registries for queue: onboard-request
10:34:57 Cleaning registries for queue: retrain-model
11:01:57 Cleaning registries for queue: onboard-request
11:01:57 Cleaning registries for queue: retrain-model
11:28:57 Cleaning registries for queue: onboard-request
11:28:57 Cleaning registries for queue: retrain-model
11:55:57 Cleaning registries for queue: onboard-request
11:55:57 Cleaning registries for queue: retrain-model
12:22:57 Cleaning registries for queue: onboard-request
12:22:58 Cleaning registries for queue: retrain-model
12:49:58 Cleaning registries for queue: onboard-request
12:49:58 Cleaning registries for queue: retrain-model
13:16:58 Cleaning registries for queue: onboard-request
13:16:58 Cleaning registries for queue: retrain-model
13:43:58 Cleaning registries for queue: onboard-request
13:43:58 Cleaning registries for queue: retrain-model
14:10:58 Cleaning registries for queue: onboard-request
14:10:58 Cleaning registries for queue: retrain-model
14:37:58 Cleaning registries for queue: onboard-request
14:37:58 Cleaning registries for queue: retrain-model
15:04:58 Cleaning registries for queue: onboard-request
15:04:58 Cleaning registries for queue: retrain-model
15:31:58 Cleaning registries for queue: onboard-request
15:31:58 Cleaning registries for queue: retrain-model
15:58:58 Cleaning registries for queue: onboard-request
15:58:59 Cleaning registries for queue: retrain-model
16:25:59 Cleaning registries for queue: onboard-request
16:25:59 Cleaning registries for queue: retrain-model
16:52:59 Cleaning registries for queue: onboard-request
16:52:59 Cleaning registries for queue: retrain-model
17:19:59 Cleaning registries for queue: onboard-request
17:19:59 Cleaning registries for queue: retrain-model
17:46:59 Cleaning registries for queue: onboard-request
17:46:59 Cleaning registries for queue: retrain-model
18:13:59 Cleaning registries for queue: onboard-request
18:13:59 Cleaning registries for queue: retrain-model
18:40:59 Cleaning registries for queue: onboard-request
18:41:00 Cleaning registries for queue: retrain-model
19:08:00 Cleaning registries for queue: onboard-request
19:08:00 Cleaning registries for queue: retrain-model
19:35:00 Cleaning registries for queue: onboard-request
19:35:00 Cleaning registries for queue: retrain-model
20:02:00 Cleaning registries for queue: onboard-request
20:02:00 Cleaning registries for queue: retrain-model
20:29:00 Cleaning registries for queue: onboard-request
20:29:00 Cleaning registries for queue: retrain-model
20:56:00 Cleaning registries for queue: onboard-request
20:56:00 Cleaning registries for queue: retrain-model
21:23:00 Cleaning registries for queue: onboard-request
21:23:00 Cleaning registries for queue: retrain-model
21:50:00 Cleaning registries for queue: onboard-request
21:50:00 Cleaning registries for queue: retrain-model
22:17:01 Cleaning registries for queue: onboard-request
22:17:01 Cleaning registries for queue: retrain-model
22:44:01 Cleaning registries for queue: onboard-request
22:44:01 Cleaning registries for queue: retrain-model
23:11:01 Cleaning registries for queue: onboard-request
23:11:01 Cleaning registries for queue: retrain-model
23:38:01 Cleaning registries for queue: onboard-request
23:38:01 Cleaning registries for queue: retrain-model
00:05:01 Cleaning registries for queue: onboard-request
00:05:01 Cleaning registries for queue: retrain-model
00:32:01 Cleaning registries for queue: onboard-request
00:32:01 Cleaning registries for queue: retrain-model
00:59:01 Cleaning registries for queue: onboard-request
00:59:01 Cleaning registries for queue: retrain-model
01:26:01 Cleaning registries for queue: onboard-request
01:26:02 Cleaning registries for queue: retrain-model
01:53:02 Cleaning registries for queue: onboard-request
01:53:02 Cleaning registries for queue: retrain-model
02:20:02 Cleaning registries for queue: onboard-request
02:20:02 Cleaning registries for queue: retrain-model
02:47:02 Cleaning registries for queue: onboard-request
02:47:02 Cleaning registries for queue: retrain-model
03:14:02 Cleaning registries for queue: onboard-request
03:14:02 Cleaning registries for queue: retrain-model
03:41:02 Cleaning registries for queue: onboard-request
03:41:02 Cleaning registries for queue: retrain-model
04:08:02 Cleaning registries for queue: onboard-request
04:08:02 Cleaning registries for queue: retrain-model
04:35:02 Cleaning registries for queue: onboard-request
04:35:02 Cleaning registries for queue: retrain-model
05:02:02 Cleaning registries for queue: onboard-request
05:02:03 Cleaning registries for queue: retrain-model
05:29:03 Cleaning registries for queue: onboard-request
05:29:03 Cleaning registries for queue: retrain-model
05:56:03 Cleaning registries for queue: onboard-request
05:56:03 Cleaning registries for queue: retrain-model
06:23:03 Cleaning registries for queue: onboard-request
06:23:03 Cleaning registries for queue: retrain-model
06:50:03 Cleaning registries for queue: onboard-request
06:50:03 Cleaning registries for queue: retrain-model
07:17:04 Cleaning registries for queue: onboard-request
07:17:04 Cleaning registries for queue: retrain-model
07:44:04 Cleaning registries for queue: onboard-request
07:44:04 Cleaning registries for queue: retrain-model
08:11:04 Cleaning registries for queue: onboard-request
08:11:04 Cleaning registries for queue: retrain-model
08:38:04 Cleaning registries for queue: onboard-request
08:38:04 Cleaning registries for queue: retrain-model
09:05:04 Cleaning registries for queue: onboard-request
09:05:04 Cleaning registries for queue: retrain-model
09:32:05 Cleaning registries for queue: onboard-request
09:32:05 Cleaning registries for queue: retrain-model
09:59:05 Cleaning registries for queue: onboard-request
09:59:05 Cleaning registries for queue: retrain-model
10:26:05 Cleaning registries for queue: onboard-request
10:26:05 Cleaning registries for queue: retrain-model
10:53:05 Cleaning registries for queue: onboard-request
10:53:05 Cleaning registries for queue: retrain-model
11:20:05 Cleaning registries for queue: onboard-request
11:20:05 Cleaning registries for queue: retrain-model
11:47:05 Cleaning registries for queue: onboard-request
11:47:05 Cleaning registries for queue: retrain-model
12:14:05 Cleaning registries for queue: onboard-request
12:14:06 Cleaning registries for queue: retrain-model
12:41:06 Cleaning registries for queue: onboard-request
12:41:06 Cleaning registries for queue: retrain-model
13:08:06 Cleaning registries for queue: onboard-request
13:08:06 Cleaning registries for queue: retrain-model
13:35:06 Cleaning registries for queue: onboard-request
13:35:06 Cleaning registries for queue: retrain-model
14:02:06 Cleaning registries for queue: onboard-request
14:02:06 Cleaning registries for queue: retrain-model
14:29:06 Cleaning registries for queue: onboard-request
14:29:06 Cleaning registries for queue: retrain-model
14:56:07 Cleaning registries for queue: onboard-request
14:56:07 Cleaning registries for queue: retrain-model
15:23:07 Cleaning registries for queue: onboard-request
15:23:07 Cleaning registries for queue: retrain-model
15:50:07 Cleaning registries for queue: onboard-request
15:50:07 Cleaning registries for queue: retrain-model
16:17:07 Cleaning registries for queue: onboard-request
16:17:07 Cleaning registries for queue: retrain-model
16:44:07 Cleaning registries for queue: onboard-request
16:44:07 Cleaning registries for queue: retrain-model
17:11:07 Cleaning registries for queue: onboard-request
17:11:07 Cleaning registries for queue: retrain-model
17:38:07 Cleaning registries for queue: onboard-request
17:38:08 Cleaning registries for queue: retrain-model
18:05:08 Cleaning registries for queue: onboard-request
18:05:08 Cleaning registries for queue: retrain-model
18:32:08 Cleaning registries for queue: onboard-request
18:32:08 Cleaning registries for queue: retrain-model
18:59:08 Cleaning registries for queue: onboard-request
18:59:08 Cleaning registries for queue: retrain-model
19:26:08 Cleaning registries for queue: onboard-request
19:26:08 Cleaning registries for queue: retrain-model
19:53:08 Cleaning registries for queue: onboard-request
19:53:08 Cleaning registries for queue: retrain-model
20:20:08 Cleaning registries for queue: onboard-request
20:20:09 Cleaning registries for queue: retrain-model
20:47:09 Cleaning registries for queue: onboard-request
20:47:09 Cleaning registries for queue: retrain-model
21:14:09 Cleaning registries for queue: onboard-request
21:14:09 Cleaning registries for queue: retrain-model
21:41:09 Cleaning registries for queue: onboard-request
21:41:09 Cleaning registries for queue: retrain-model
22:08:09 Cleaning registries for queue: onboard-request
22:08:09 Cleaning registries for queue: retrain-model
22:35:09 Cleaning registries for queue: onboard-request
22:35:09 Cleaning registries for queue: retrain-model
23:02:09 Cleaning registries for queue: onboard-request
23:02:09 Cleaning registries for queue: retrain-model
23:29:09 Cleaning registries for queue: onboard-request
23:29:10 Cleaning registries for queue: retrain-model
23:56:10 Cleaning registries for queue: onboard-request
23:56:10 Cleaning registries for queue: retrain-model
00:23:10 Cleaning registries for queue: onboard-request
00:23:10 Cleaning registries for queue: retrain-model
00:50:10 Cleaning registries for queue: onboard-request
00:50:10 Cleaning registries for queue: retrain-model
01:17:10 Cleaning registries for queue: onboard-request
01:17:10 Cleaning registries for queue: retrain-model
01:44:10 Cleaning registries for queue: onboard-request
01:44:10 Cleaning registries for queue: retrain-model
02:11:10 Cleaning registries for queue: onboard-request
02:11:10 Cleaning registries for queue: retrain-model
02:38:10 Cleaning registries for queue: onboard-request
02:38:11 Cleaning registries for queue: retrain-model
03:05:11 Cleaning registries for queue: onboard-request
03:05:11 Cleaning registries for queue: retrain-model
03:32:11 Cleaning registries for queue: onboard-request
03:32:11 Cleaning registries for queue: retrain-model
03:59:11 Cleaning registries for queue: retrain-model
03:59:11 Cleaning registries for queue: onboard-request
04:26:11 Cleaning registries for queue: retrain-model
04:26:11 Cleaning registries for queue: onboard-request
04:53:11 Cleaning registries for queue: retrain-model
04:53:11 Cleaning registries for queue: onboard-request
05:20:11 Cleaning registries for queue: onboard-request
05:20:11 Cleaning registries for queue: retrain-model
05:47:11 Cleaning registries for queue: onboard-request
05:47:11 Cleaning registries for queue: retrain-model
06:14:12 Cleaning registries for queue: retrain-model
06:14:12 Cleaning registries for queue: onboard-request
06:41:12 Cleaning registries for queue: retrain-model
06:41:12 Cleaning registries for queue: onboard-request
07:08:12 Cleaning registries for queue: retrain-model
07:08:12 Cleaning registries for queue: onboard-request
07:35:12 Cleaning registries for queue: retrain-model
07:35:12 Cleaning registries for queue: onboard-request
08:02:12 Cleaning registries for queue: retrain-model
08:02:12 Cleaning registries for queue: onboard-request
08:29:12 Cleaning registries for queue: retrain-model
08:29:12 Cleaning registries for queue: onboard-request
08:56:12 Cleaning registries for queue: onboard-request
08:56:12 Cleaning registries for queue: retrain-model
09:23:13 Cleaning registries for queue: onboard-request
09:23:13 Cleaning registries for queue: retrain-model
09:50:13 Cleaning registries for queue: retrain-model
09:50:13 Cleaning registries for queue: onboard-request
10:17:13 Cleaning registries for queue: onboard-request
10:17:13 Cleaning registries for queue: retrain-model
10:44:13 Cleaning registries for queue: onboard-request
10:44:13 Cleaning registries for queue: retrain-model
11:11:13 Cleaning registries for queue: onboard-request
11:11:13 Cleaning registries for queue: retrain-model
11:38:13 Cleaning registries for queue: onboard-request
11:38:13 Cleaning registries for queue: retrain-model
12:05:13 Cleaning registries for queue: onboard-request
12:05:14 Cleaning registries for queue: retrain-model
12:32:14 Cleaning registries for queue: onboard-request
12:32:14 Cleaning registries for queue: retrain-model
12:59:14 Cleaning registries for queue: onboard-request
12:59:14 Cleaning registries for queue: retrain-model
13:26:14 Cleaning registries for queue: onboard-request
13:26:14 Cleaning registries for queue: retrain-model
13:53:14 Cleaning registries for queue: onboard-request
13:53:14 Cleaning registries for queue: retrain-model
14:20:14 Cleaning registries for queue: onboard-request
14:20:14 Cleaning registries for queue: retrain-model
14:47:14 Cleaning registries for queue: onboard-request
14:47:14 Cleaning registries for queue: retrain-model
15:14:14 Cleaning registries for queue: onboard-request
15:14:15 Cleaning registries for queue: retrain-model
15:41:15 Cleaning registries for queue: onboard-request
15:41:15 Cleaning registries for queue: retrain-model
16:08:15 Cleaning registries for queue: onboard-request
16:08:15 Cleaning registries for queue: retrain-model
16:35:15 Cleaning registries for queue: onboard-request
16:35:15 Cleaning registries for queue: retrain-model
17:02:15 Cleaning registries for queue: onboard-request
17:02:15 Cleaning registries for queue: retrain-model
17:29:15 Cleaning registries for queue: onboard-request
17:29:15 Cleaning registries for queue: retrain-model
17:56:15 Cleaning registries for queue: onboard-request
17:56:16 Cleaning registries for queue: retrain-model
18:23:15 Cleaning registries for queue: onboard-request
18:23:16 Cleaning registries for queue: retrain-model
18:50:16 Cleaning registries for queue: onboard-request
18:50:16 Cleaning registries for queue: retrain-model
19:17:16 Cleaning registries for queue: onboard-request
19:17:16 Cleaning registries for queue: retrain-model
19:44:16 Cleaning registries for queue: onboard-request
19:44:16 Cleaning registries for queue: retrain-model
20:11:16 Cleaning registries for queue: onboard-request
20:11:16 Cleaning registries for queue: retrain-model
20:38:16 Cleaning registries for queue: onboard-request
20:38:16 Cleaning registries for queue: retrain-model
21:05:16 Cleaning registries for queue: onboard-request
21:05:17 Cleaning registries for queue: retrain-model
21:32:17 Cleaning registries for queue: onboard-request
21:32:17 Cleaning registries for queue: retrain-model
21:59:17 Cleaning registries for queue: onboard-request
21:59:17 Cleaning registries for queue: retrain-model
22:26:17 Cleaning registries for queue: onboard-request
22:26:17 Cleaning registries for queue: retrain-model
